TN:
SF:add.js
FN:1,add
FNF:1
FNH:1
FNDA:1,add
DA:1,1
DA:2,1
DA:3,1
DA:4,1
DA:5,1
LF:5
LH:5
BRDA:1,0,0,1
BRF:1
BRH:1
end_of_record
TN:
SF:calculator.js
FN:2,Calculator
FN:6,set
FN:10,clear
FN:14,add
FN:18,subtract
FN:22,multiply
FN:26,divide
FNF:7
FNH:4
FNDA:5,Calculator
FNDA:2,set
FNDA:1,clear
FNDA:2,add
FNDA:0,subtract
FNDA:0,multiply
FNDA:0,divide
DA:1,1
DA:2,1
DA:3,5
DA:4,5
DA:5,1
DA:6,1
DA:7,2
DA:8,2
DA:9,1
DA:10,1
DA:11,1
DA:12,1
DA:13,1
DA:14,1
DA:15,2
DA:16,2
DA:17,1
DA:18,1
DA:19,0
DA:20,0
DA:21,1
DA:22,1
DA:23,0
DA:24,0
DA:25,1
DA:26,1
DA:27,0
DA:28,0
DA:29,1
DA:30,1
DA:31,1
DA:32,1
DA:33,1
DA:34,1
DA:35,1
DA:36,1
DA:37,1
LF:37
LH:31
BRDA:2,0,0,5
BRDA:6,1,0,2
BRDA:10,2,0,1
BRDA:14,3,0,2
BRF:4
BRH:4
end_of_record
